<?xml version="1.0" encoding="UTF-8"?>
<testng-results ignored="0" total="4" passed="4" failed="0" skipped="0">
  <reporter-output>
  </reporter-output>
  <suite started-at="2025-12-02T14:11:27 GMT" name="Default suite" finished-at="2025-12-02T14:11:53 GMT" duration-ms="25817">
    <groups>
    </groups>
    <test started-at="2025-12-02T14:11:27 GMT" name="Default test" finished-at="2025-12-02T14:11:53 GMT" duration-ms="25817">
      <class name="excercise.Exercise26">
        <test-method is-config="true" signature="openAPP()[pri:0, instance:excercise.Exercise26@682b2fa]" started-at="2025-12-02T14:11:27 GMT" name="openAPP" finished-at="2025-12-02T14:11:46 GMT" duration-ms="18725" status="PASS">
          <reporter-output>
          </reporter-output>
        </test-method> <!-- openAPP -->
        <test-method signature="scrollPage()[pri:1, instance:excercise.Exercise26@682b2fa]" started-at="2025-12-02T14:11:46 GMT" name="scrollPage" finished-at="2025-12-02T14:11:46 GMT" duration-ms="49" status="PASS">
          <reporter-output>
          </reporter-output>
        </test-method> <!-- scrollPage -->
        <test-method signature="verifySubsription()[pri:2, instance:excercise.Exercise26@682b2fa]" started-at="2025-12-02T14:11:46 GMT" name="verifySubsription" finished-at="2025-12-02T14:11:46 GMT" duration-ms="87" status="PASS">
          <reporter-output>
          </reporter-output>
        </test-method> <!-- verifySubsription -->
        <test-method signature="scrollUp()[pri:3, instance:excercise.Exercise26@682b2fa]" started-at="2025-12-02T14:11:46 GMT" name="scrollUp" finished-at="2025-12-02T14:11:46 GMT" duration-ms="32" status="PASS">
          <reporter-output>
          </reporter-output>
        </test-method> <!-- scrollUp -->
        <test-method signature="verifyText()[pri:4, instance:excercise.Exercise26@682b2fa]" started-at="2025-12-02T14:11:46 GMT" name="verifyText" finished-at="2025-12-02T14:11:46 GMT" duration-ms="63" status="PASS">
          <reporter-output>
          </reporter-output>
        </test-method> <!-- verifyText -->
        <test-method is-config="true" signature="closeApp()[pri:0, instance:excercise.Exercise26@682b2fa]" started-at="2025-12-02T14:11:46 GMT" name="closeApp" finished-at="2025-12-02T14:11:53 GMT" duration-ms="6721" status="PASS">
          <reporter-output>
          </reporter-output>
        </test-method> <!-- closeApp -->
      </class> <!-- excercise.Exercise26 -->
    </test> <!-- Default test -->
  </suite> <!-- Default suite -->
</testng-results>
