<?xml version="1.0" encoding="UTF-8"?>
<testng-results ignored="0" total="1" passed="1" failed="0" skipped="0">
  <reporter-output>
  </reporter-output>
  <suite started-at="2025-11-05T14:33:59 GMT" name="Default suite" finished-at="2025-11-05T14:35:08 GMT" duration-ms="68276">
    <groups>
    </groups>
    <test started-at="2025-11-05T14:33:59 GMT" name="Default test" finished-at="2025-11-05T14:35:08 GMT" duration-ms="68276">
      <class name="excercise.HomePage">
        <test-method is-config="true" signature="openAPP()[pri:0, instance:excercise.HomePage@35841320]" started-at="2025-11-05T14:33:59 GMT" name="openAPP" finished-at="2025-11-05T14:34:34 GMT" duration-ms="34159" status="PASS">
          <reporter-output>
          </reporter-output>
        </test-method> <!-- openAPP -->
        <test-method signature="registerPage()[pri:0, instance:excercise.HomePage@35841320]" started-at="2025-11-05T14:34:34 GMT" name="registerPage" finished-at="2025-11-05T14:34:59 GMT" duration-ms="24852" status="PASS">
          <reporter-output>
          </reporter-output>
        </test-method> <!-- registerPage -->
        <test-method is-config="true" signature="closeApp()[pri:0, instance:excercise.HomePage@35841320]" started-at="2025-11-05T14:34:59 GMT" name="closeApp" finished-at="2025-11-05T14:35:08 GMT" duration-ms="8588" status="PASS">
          <reporter-output>
          </reporter-output>
        </test-method> <!-- closeApp -->
      </class> <!-- excercise.HomePage -->
    </test> <!-- Default test -->
  </suite> <!-- Default suite -->
</testng-results>
