<?xml version="1.0" encoding="UTF-8"?>
<!-- Generated by org.testng.reporters.JUnitReportReporter -->
<testsuite hostname="DESKTOP-LJVAR0I" failures="0" tests="7" name="excercise.Exercise21" time="15.596" errors="0" timestamp="2025-12-06T13:47:19 GMT" skipped="0">
  <testcase classname="excercise.Exercise21" name="clickProduct" time="8.304"/>
  <testcase classname="excercise.Exercise21" name="verifyProductPage" time="0.021"/>
  <testcase classname="excercise.Exercise21" name="clickOnViewProduct" time="3.343"/>
  <testcase classname="excercise.Exercise21" name="verifyText" time="0.152"/>
  <testcase classname="excercise.Exercise21" name="enterReview" time="3.411"/>
  <testcase classname="excercise.Exercise21" name="clickOnSubmit" time="0.279"/>
  <testcase classname="excercise.Exercise21" name="checkSuccessMsg" time="0.086"/>
</testsuite> <!-- excercise.Exercise21 -->
