<?xml version="1.0" encoding="UTF-8"?>
<!-- Generated by org.testng.reporters.JUnitReportReporter -->
<testsuite hostname="DESKTOP-LJVAR0I" failures="0" tests="5" name="excercise.Exercise5" time="5.462" errors="0" timestamp="2025-12-06T12:49:56 GMT" skipped="0">
  <testcase classname="excercise.Exercise5" name="testClikLogin" time="1.764"/>
  <testcase classname="excercise.Exercise5" name="testSignUpDisplay" time="0.110"/>
  <testcase classname="excercise.Exercise5" name="enterData" time="1.114"/>
  <testcase classname="excercise.Exercise5" name="clickSignupBtn" time="2.416"/>
  <testcase classname="excercise.Exercise5" name="verifyText" time="0.058"/>
</testsuite> <!-- excercise.Exercise5 -->
