<?xml version="1.0" encoding="UTF-8"?>
<!-- Generated by org.testng.reporters.JUnitReportReporter -->
<testsuite hostname="DESKTOP-LJVAR0I" failures="0" tests="3" name="excercise.Exercise7" time="13.661" errors="0" timestamp="2025-11-05T14:35:07 GMT" skipped="0">
  <testcase classname="excercise.Exercise7" name="testHomePage" time="2.689"/>
  <testcase classname="excercise.Exercise7" name="clickTestCase" time="8.807"/>
  <testcase classname="excercise.Exercise7" name="testTestCasesPage" time="2.165"/>
</testsuite> <!-- excercise.Exercise7 -->
