<?xml version="1.0" encoding="UTF-8"?>
<!-- Generated by org.testng.reporters.JUnitReportReporter -->
<testsuite hostname="DESKTOP-LJVAR0I" failures="0" tests="4" name="excercise.Exercise26" time="0.231" errors="0" timestamp="2025-12-02T14:11:53 GMT" skipped="0">
  <testcase classname="excercise.Exercise26" name="scrollPage" time="0.049"/>
  <testcase classname="excercise.Exercise26" name="verifySubsription" time="0.087"/>
  <testcase classname="excercise.Exercise26" name="scrollUp" time="0.032"/>
  <testcase classname="excercise.Exercise26" name="verifyText" time="0.063"/>
</testsuite> <!-- excercise.Exercise26 -->
