<?xml version="1.0" encoding="UTF-8"?>
<!-- Generated by org.testng.reporters.JUnitReportReporter -->
<testsuite hostname="DESKTOP-LJVAR0I" failures="0" tests="6" name="excercise.Exercise18" time="4.526" errors="0" timestamp="2025-12-06T13:40:03 GMT" skipped="0">
  <testcase classname="excercise.Exercise18" name="verifyCategories" time="0.167"/>
  <testcase classname="excercise.Exercise18" name="clickOnWomenCat" time="0.359"/>
  <testcase classname="excercise.Exercise18" name="clickOnCatProduct" time="1.715"/>
  <testcase classname="excercise.Exercise18" name="verifyProdctHeading" time="0.091"/>
  <testcase classname="excercise.Exercise18" name="clickOnMenCat" time="2.111"/>
  <testcase classname="excercise.Exercise18" name="verifyMenCat" time="0.083"/>
</testsuite> <!-- excercise.Exercise18 -->
