<?xml version="1.0" encoding="UTF-8"?>
<!-- Generated by org.testng.reporters.JUnitReportReporter -->
<testsuite hostname="DESKTOP-LJVAR0I" failures="0" tests="6" name="excercise.Excercise11" time="3.062" errors="0" timestamp="2025-10-24T18:04:37 BST" skipped="0">
  <testcase classname="excercise.Excercise11" name="testHomePage" time="0.038"/>
  <testcase classname="excercise.Excercise11" name="clickCart" time="2.054"/>
  <testcase classname="excercise.Excercise11" name="scrollToFooter" time="0.082"/>
  <testcase classname="excercise.Excercise11" name="verifyTextSub" time="0.114"/>
  <testcase classname="excercise.Excercise11" name="enterEmail" time="0.725"/>
  <testcase classname="excercise.Excercise11" name="visblealert" time="0.049"/>
</testsuite> <!-- excercise.Excercise11 -->
