<?xml version="1.0" encoding="UTF-8"?>
<!-- Generated by org.testng.reporters.JUnitReportReporter -->
<testsuite hostname="DESKTOP-LJVAR0I" failures="0" tests="10" name="excercise.Exercise16" time="45.270" errors="0" timestamp="2025-12-01T13:19:02 GMT" skipped="0">
  <testcase classname="excercise.Exercise16" name="clickOnRegister" time="4.966"/>
  <testcase classname="excercise.Exercise16" name="enterLoginData" time="0.397"/>
  <testcase classname="excercise.Exercise16" name="testClickLogin" time="4.766"/>
  <testcase classname="excercise.Exercise16" name="verifyLoinText" time="0.281"/>
  <testcase classname="excercise.Exercise16" name="hoverOnFirst" time="10.005"/>
  <testcase classname="excercise.Exercise16" name="clickContinueShopping" time="1.429"/>
  <testcase classname="excercise.Exercise16" name="clickOnCart" time="2.230"/>
  <testcase classname="excercise.Exercise16" name="verifyCartPage" time="0.034"/>
  <testcase classname="excercise.Exercise16" name="clickProceedToCheckout" time="7.287"/>
  <testcase classname="excercise.Exercise16" name="placeorder" time="13.875"/>
</testsuite> <!-- excercise.Exercise16 -->
