<?xml version="1.0" encoding="UTF-8"?>
<!-- Generated by org.testng.reporters.JUnitReportReporter -->
<testsuite hostname="DESKTOP-LJVAR0I" failures="0" tests="9" name="excercise.Excercise6" time="58.005" errors="0" timestamp="2025-10-24T14:14:04 BST" skipped="0">
  <testcase classname="excercise.Excercise6" name="testHomePage" time="0.036"/>
  <testcase classname="excercise.Excercise6" name="clickContactUs" time="2.290"/>
  <testcase classname="excercise.Excercise6" name="verifygetInTouchVisible" time="0.104"/>
  <testcase classname="excercise.Excercise6" name="fillData" time="1.073"/>
  <testcase classname="excercise.Excercise6" name="uploadfile" time="0.080"/>
  <testcase classname="excercise.Excercise6" name="clickSubmit" time="0.182"/>
  <testcase classname="excercise.Excercise6" name="switchToAlert" time="0.101"/>
  <testcase classname="excercise.Excercise6" name="verifySuccessmsg" time="0.196"/>
  <testcase classname="excercise.Excercise6" name="clickonHome" time="53.943"/>
</testsuite> <!-- excercise.Excercise6 -->
