<?xml version="1.0" encoding="UTF-8"?>
<!-- Generated by org.testng.reporters.JUnitReportReporter -->
<testsuite hostname="DESKTOP-LJVAR0I" failures="0" tests="14" name="excercise.Exercise20" time="35.918" errors="0" timestamp="2025-12-06T13:41:44 GMT" skipped="0">
  <testcase classname="excercise.Exercise20" name="clickProduct" time="6.965"/>
  <testcase classname="excercise.Exercise20" name="verifyProductPage" time="0.064"/>
  <testcase classname="excercise.Exercise20" name="testSearchData" time="6.209"/>
  <testcase classname="excercise.Exercise20" name="testSearchedProduct" time="0.216"/>
  <testcase classname="excercise.Exercise20" name="testAllSearchedProduct" time="0.287"/>
  <testcase classname="excercise.Exercise20" name="hoverOnFirst" time="0.997"/>
  <testcase classname="excercise.Exercise20" name="clickContinueShopping" time="1.200"/>
  <testcase classname="excercise.Exercise20" name="clickOnCart" time="3.879"/>
  <testcase classname="excercise.Exercise20" name="verifyCartPage" time="0.089"/>
  <testcase classname="excercise.Exercise20" name="verifyProductsInCart" time="0.071"/>
  <testcase classname="excercise.Exercise20" name="clickOnRegister" time="4.600"/>
  <testcase classname="excercise.Exercise20" name="enterLoginData" time="2.618"/>
  <testcase classname="excercise.Exercise20" name="testClickLogin" time="5.057"/>
  <testcase classname="excercise.Exercise20" name="verifyLoinText" time="3.666"/>
</testsuite> <!-- excercise.Exercise20 -->
