<?xml version="1.0" encoding="UTF-8"?>
<!-- Generated by org.testng.reporters.JUnitReportReporter -->
<testsuite hostname="DESKTOP-LJVAR0I" failures="0" tests="6" name="excercise.Excercise3" time="4.838" errors="0" timestamp="2025-10-24T13:48:14 BST" skipped="0">
  <testcase classname="excercise.Excercise3" name="testHomePage" time="0.059"/>
  <testcase classname="excercise.Excercise3" name="testClikLogin" time="1.951"/>
  <testcase classname="excercise.Excercise3" name="verifyLoginPage" time="0.104"/>
  <testcase classname="excercise.Excercise3" name="enterLoginData" time="0.615"/>
  <testcase classname="excercise.Excercise3" name="testClickLogin" time="2.019"/>
  <testcase classname="excercise.Excercise3" name="verifyText" time="0.090"/>
</testsuite> <!-- excercise.Excercise3 -->
