<?xml version="1.0" encoding="UTF-8"?>
<!-- Generated by org.testng.reporters.JUnitReportReporter -->
<testsuite hostname="DESKTOP-LJVAR0I" failures="0" tests="6" name="excercise.Exercise17" time="14.812" errors="0" timestamp="2025-12-06T13:39:23 GMT" skipped="0">
  <testcase classname="excercise.Exercise17" name="hoverOnFirst" time="0.860"/>
  <testcase classname="excercise.Exercise17" name="clickContinueShopping" time="0.437"/>
  <testcase classname="excercise.Exercise17" name="clickOnCart" time="1.880"/>
  <testcase classname="excercise.Exercise17" name="verifyCartPage" time="0.030"/>
  <testcase classname="excercise.Exercise17" name="removeProduct" time="0.844"/>
  <testcase classname="excercise.Exercise17" name="verifyProduct" time="10.761"/>
</testsuite> <!-- excercise.Exercise17 -->
