<?xml version="1.0" encoding="UTF-8"?>
<!-- Generated by org.testng.reporters.JUnitReportReporter -->
<testsuite hostname="DESKTOP-LJVAR0I" failures="0" tests="8" name="excercise.Excercise4" time="13.051" errors="0" timestamp="2025-10-24T13:54:49 BST" skipped="0">
  <testcase classname="excercise.Excercise4" name="testHomePage" time="0.116"/>
  <testcase classname="excercise.Excercise4" name="testClikLogin" time="1.921"/>
  <testcase classname="excercise.Excercise4" name="verifyLoginPage" time="0.082"/>
  <testcase classname="excercise.Excercise4" name="enterLoginData" time="0.483"/>
  <testcase classname="excercise.Excercise4" name="testClickLogin" time="7.084"/>
  <testcase classname="excercise.Excercise4" name="verifyLoinText" time="0.061"/>
  <testcase classname="excercise.Excercise4" name="clickLogout" time="3.272"/>
  <testcase classname="excercise.Excercise4" name="testLoginPage" time="0.032"/>
</testsuite> <!-- excercise.Excercise4 -->
