<?xml version="1.0" encoding="UTF-8"?>
<!-- Generated by org.testng.reporters.JUnitReportReporter -->
<testsuite hostname="DESKTOP-LJVAR0I" failures="0" tests="5" name="excercise.Exercise8" time="15.425" errors="0" timestamp="2025-12-06T13:03:51 GMT" skipped="0">
  <testcase classname="excercise.Exercise8" name="clickProduct" time="5.486"/>
  <testcase classname="excercise.Exercise8" name="verifyProductPage" time="0.110"/>
  <testcase classname="excercise.Exercise8" name="productListDisplay" time="4.327"/>
  <testcase classname="excercise.Exercise8" name="clickOnFirstProduct" time="2.966"/>
  <testcase classname="excercise.Exercise8" name="verifyDetailsDisplay" time="2.536"/>
</testsuite> <!-- excercise.Exercise8 -->
