<?xml version="1.0" encoding="UTF-8"?>
<!-- Generated by org.testng.reporters.JUnitReportReporter -->
<testsuite hostname="DESKTOP-LJVAR0I" failures="0" tests="6" name="excercise.Excercise8" time="8.311" errors="0" timestamp="2025-10-24T14:38:07 BST" skipped="0">
  <testcase classname="excercise.Excercise8" name="testHomePage" time="0.030"/>
  <testcase classname="excercise.Excercise8" name="clickProduct" time="3.812"/>
  <testcase classname="excercise.Excercise8" name="verifyProductPage" time="0.154"/>
  <testcase classname="excercise.Excercise8" name="productListDisplay" time="1.702"/>
  <testcase classname="excercise.Excercise8" name="clickOnFirstProduct" time="2.361"/>
  <testcase classname="excercise.Excercise8" name="verifyDetailsDisplay" time="0.252"/>
</testsuite> <!-- excercise.Excercise8 -->
