<?xml version="1.0" encoding="UTF-8"?>
<!-- Generated by org.testng.reporters.JUnitReportReporter -->
<testsuite hostname="DESKTOP-LJVAR0I" failures="0" tests="4" name="excercise.Exercise23" time="68.715" errors="0" timestamp="2025-12-02T13:45:32 GMT" skipped="0">
  <testcase classname="excercise.Exercise23" name="signup" time="8.498"/>
  <testcase classname="excercise.Exercise23" name="addToCart" time="60.092"/>
  <testcase classname="excercise.Exercise23" name="verifyAddress" time="0.072"/>
  <testcase classname="excercise.Exercise23" name="verifyBillingAddres" time="0.053"/>
</testsuite> <!-- excercise.Exercise23 -->
