<?xml version="1.0" encoding="UTF-8"?>
<!-- Generated by org.testng.reporters.JUnitReportReporter -->
<testsuite hostname="DESKTOP-LJVAR0I" failures="0" tests="7" name="excercise.Excercise12" time="13.906" errors="0" timestamp="2025-10-27T16:26:20 GMT" skipped="0">
  <testcase classname="excercise.Excercise12" name="testHomePage" time="0.033"/>
  <testcase classname="excercise.Excercise12" name="clickProduct" time="6.493"/>
  <testcase classname="excercise.Excercise12" name="hoverOnFirst" time="0.873"/>
  <testcase classname="excercise.Excercise12" name="clickContinueShopping" time="1.115"/>
  <testcase classname="excercise.Excercise12" name="hoverOnSecond" time="1.135"/>
  <testcase classname="excercise.Excercise12" name="clickCart" time="2.119"/>
  <testcase classname="excercise.Excercise12" name="verifyAllProduct" time="2.138"/>
</testsuite> <!-- excercise.Excercise12 -->
