<?xml version="1.0" encoding="UTF-8"?>
<!-- Generated by org.testng.reporters.JUnitReportReporter -->
<testsuite hostname="DESKTOP-LJVAR0I" failures="0" tests="4" name="excercise.Exercise10" time="1.536" errors="0" timestamp="2025-12-06T13:05:15 GMT" skipped="0">
  <testcase classname="excercise.Exercise10" name="scrollPage" time="0.077"/>
  <testcase classname="excercise.Exercise10" name="verifyTextSub" time="0.107"/>
  <testcase classname="excercise.Exercise10" name="enterEmail" time="1.248"/>
  <testcase classname="excercise.Exercise10" name="visblealert" time="0.104"/>
</testsuite> <!-- excercise.Exercise10 -->
