<?xml version="1.0" encoding="UTF-8"?>
<!-- Generated by org.testng.reporters.JUnitReportReporter -->
<testsuite hostname="DESKTOP-LJVAR0I" failures="0" tests="5" name="excercise.Exercise19" time="10.232" errors="0" timestamp="2025-12-06T13:40:41 GMT" skipped="0">
  <testcase classname="excercise.Exercise19" name="clickProduct" time="6.783"/>
  <testcase classname="excercise.Exercise19" name="verifyBrandDisplay" time="0.087"/>
  <testcase classname="excercise.Exercise19" name="clickOnBrand" time="2.735"/>
  <testcase classname="excercise.Exercise19" name="verifybrandDisplay" time="0.081"/>
  <testcase classname="excercise.Exercise19" name="clickOnAnotherBrand" time="0.546"/>
</testsuite> <!-- excercise.Exercise19 -->
