<?xml version="1.0" encoding="UTF-8"?>
<!-- Generated by org.testng.reporters.JUnitReportReporter -->
<testsuite hostname="DESKTOP-LJVAR0I" failures="0" tests="8" name="excercise.Exercise6" time="11.095" errors="0" timestamp="2025-12-06T12:57:32 GMT" skipped="0">
  <testcase classname="excercise.Exercise6" name="clickContactUs" time="1.899"/>
  <testcase classname="excercise.Exercise6" name="verifygetInTouchVisible" time="0.108"/>
  <testcase classname="excercise.Exercise6" name="fillData" time="2.970"/>
  <testcase classname="excercise.Exercise6" name="uploadfile" time="0.212"/>
  <testcase classname="excercise.Exercise6" name="clickSubmit" time="0.551"/>
  <testcase classname="excercise.Exercise6" name="switchToAlert" time="0.087"/>
  <testcase classname="excercise.Exercise6" name="verifySuccessmsg" time="0.232"/>
  <testcase classname="excercise.Exercise6" name="clickonHome" time="5.036"/>
</testsuite> <!-- excercise.Exercise6 -->
