<?xml version="1.0" encoding="UTF-8"?>
<!-- Generated by org.testng.reporters.JUnitReportReporter -->
<testsuite hostname="DESKTOP-LJVAR0I" failures="0" tests="6" name="excercise.Exercise13" time="9.424" errors="0" timestamp="2025-12-06T13:09:21 GMT" skipped="0">
  <testcase classname="excercise.Exercise13" name="clickViewProduct" time="2.562"/>
  <testcase classname="excercise.Exercise13" name="verifyViewProductUrl" time="0.033"/>
  <testcase classname="excercise.Exercise13" name="increaseQuantity" time="0.227"/>
  <testcase classname="excercise.Exercise13" name="clickAddToCart" time="0.186"/>
  <testcase classname="excercise.Exercise13" name="clickViewCart" time="6.334"/>
  <testcase classname="excercise.Exercise13" name="verifyProductQunatity" time="0.082"/>
</testsuite> <!-- excercise.Exercise13 -->
