<?xml version="1.0" encoding="UTF-8"?>
<!-- Generated by org.testng.reporters.JUnitReportReporter -->
<testsuite hostname="DESKTOP-LJVAR0I" failures="0" tests="5" name="excercise.Exercise3" time="6.850" errors="0" timestamp="2025-12-06T12:42:18 GMT" skipped="0">
  <testcase classname="excercise.Exercise3" name="testClikLogin" time="2.933"/>
  <testcase classname="excercise.Exercise3" name="verifyLoginPage" time="0.113"/>
  <testcase classname="excercise.Exercise3" name="enterLoginData" time="2.025"/>
  <testcase classname="excercise.Exercise3" name="testClickLogin" time="1.698"/>
  <testcase classname="excercise.Exercise3" name="verifyText" time="0.081"/>
</testsuite> <!-- excercise.Exercise3 -->
