<?xml version="1.0" encoding="UTF-8"?>
<!-- Generated by org.testng.reporters.JUnitReportReporter -->
<testsuite hostname="DESKTOP-LJVAR0I" failures="0" tests="5" name="excercise.Excercise10" time="2.069" errors="0" timestamp="2025-10-24T14:53:00 BST" skipped="0">
  <testcase classname="excercise.Excercise10" name="testHomePage" time="0.054"/>
  <testcase classname="excercise.Excercise10" name="scrollPage" time="0.124"/>
  <testcase classname="excercise.Excercise10" name="verifyTextSub" time="0.178"/>
  <testcase classname="excercise.Excercise10" name="enterEmail" time="1.637"/>
  <testcase classname="excercise.Excercise10" name="visblealert" time="0.076"/>
</testsuite> <!-- excercise.Excercise10 -->
