<?xml version="1.0" encoding="UTF-8"?>
<!-- Generated by org.testng.reporters.JUnitReportReporter -->
<testsuite hostname="DESKTOP-LJVAR0I" failures="0" tests="4" name="excercise.Exercise22" time="53.003" errors="0" timestamp="2025-12-02T13:03:38 GMT" skipped="0">
  <testcase classname="excercise.Exercise22" name="scrollToBottom" time="0.053"/>
  <testcase classname="excercise.Exercise22" name="verifyRecommandText" time="0.367"/>
  <testcase classname="excercise.Exercise22" name="clickViewCart" time="52.453"/>
  <testcase classname="excercise.Exercise22" name="verifyAllProduct" time="0.130"/>
</testsuite> <!-- excercise.Exercise22 -->
