<?xml version="1.0" encoding="UTF-8"?>
<!-- Generated by org.testng.reporters.JUnitReportReporter -->
<testsuite hostname="DESKTOP-LJVAR0I" failures="0" tests="4" name="excercise.Exercise22" time="6.974" errors="0" timestamp="2025-12-06T13:47:55 GMT" skipped="0">
  <testcase classname="excercise.Exercise22" name="scrollToBottom" time="0.289"/>
  <testcase classname="excercise.Exercise22" name="verifyRecommandText" time="0.548"/>
  <testcase classname="excercise.Exercise22" name="clickViewCart" time="5.916"/>
  <testcase classname="excercise.Exercise22" name="verifyAllProduct" time="0.221"/>
</testsuite> <!-- excercise.Exercise22 -->
