<?xml version="1.0" encoding="UTF-8"?>
<!-- Generated by org.testng.reporters.JUnitReportReporter -->
<testsuite hostname="DESKTOP-LJVAR0I" failures="0" tests="6" name="excercise.Exercise18" time="37.407" errors="0" timestamp="2025-12-01T13:52:06 GMT" skipped="0">
  <testcase classname="excercise.Exercise18" name="verifyCategories" time="2.647"/>
  <testcase classname="excercise.Exercise18" name="clickOnWomenCat" time="0.800"/>
  <testcase classname="excercise.Exercise18" name="clickOnCatProduct" time="3.322"/>
  <testcase classname="excercise.Exercise18" name="verifyProdctHeading" time="0.154"/>
  <testcase classname="excercise.Exercise18" name="clickOnMenCat" time="30.299"/>
  <testcase classname="excercise.Exercise18" name="verifyMenCat" time="0.185"/>
</testsuite> <!-- excercise.Exercise18 -->
