<?xml version="1.0" encoding="UTF-8"?>
<!-- Generated by org.testng.reporters.JUnitReportReporter -->
<testsuite hostname="DESKTOP-LJVAR0I" failures="0" tests="5" name="excercise.Exercise9" time="13.877" errors="0" timestamp="2025-12-06T13:04:40 GMT" skipped="0">
  <testcase classname="excercise.Exercise9" name="testClik" time="7.436"/>
  <testcase classname="excercise.Exercise9" name="testProductPage" time="0.027"/>
  <testcase classname="excercise.Exercise9" name="testSearchData" time="5.625"/>
  <testcase classname="excercise.Exercise9" name="testSearchedProduct" time="0.174"/>
  <testcase classname="excercise.Exercise9" name="testAllSearchedProduct" time="0.615"/>
</testsuite> <!-- excercise.Exercise9 -->
