<?xml version="1.0" encoding="UTF-8"?>
<!-- Generated by org.testng.reporters.JUnitReportReporter -->
<testsuite hostname="DESKTOP-LJVAR0I" failures="0" tests="3" name="excercise.Excercise7" time="2.467" errors="0" timestamp="2025-10-24T14:18:36 BST" skipped="0">
  <testcase classname="excercise.Excercise7" name="testHomePage" time="0.026"/>
  <testcase classname="excercise.Excercise7" name="clickTestCase" time="2.422"/>
  <testcase classname="excercise.Excercise7" name="testTestCasesPage" time="0.019"/>
</testsuite> <!-- excercise.Excercise7 -->
