<?xml version="1.0" encoding="UTF-8"?>
<!-- Generated by org.testng.reporters.JUnitReportReporter -->
<testsuite hostname="DESKTOP-LJVAR0I" failures="0" tests="6" name="excercise.Exercise12" time="11.372" errors="0" timestamp="2025-12-06T13:08:18 GMT" skipped="0">
  <testcase classname="excercise.Exercise12" name="clickProduct" time="4.553"/>
  <testcase classname="excercise.Exercise12" name="hoverOnFirst" time="1.027"/>
  <testcase classname="excercise.Exercise12" name="clickContinueShopping" time="0.487"/>
  <testcase classname="excercise.Exercise12" name="hoverOnSecond" time="1.480"/>
  <testcase classname="excercise.Exercise12" name="clickCart" time="2.640"/>
  <testcase classname="excercise.Exercise12" name="verifyAllProduct" time="1.185"/>
</testsuite> <!-- excercise.Exercise12 -->
