<?xml version="1.0" encoding="UTF-8"?>
<!-- Generated by org.testng.reporters.JUnitReportReporter -->
<testsuite hostname="DESKTOP-LJVAR0I" failures="0" tests="5" name="excercise.Exercise11" time="3.806" errors="0" timestamp="2025-12-06T13:05:49 GMT" skipped="0">
  <testcase classname="excercise.Exercise11" name="clickCart" time="1.962"/>
  <testcase classname="excercise.Exercise11" name="scrollToFooter" time="0.082"/>
  <testcase classname="excercise.Exercise11" name="verifyTextSub" time="0.137"/>
  <testcase classname="excercise.Exercise11" name="enterEmail" time="1.528"/>
  <testcase classname="excercise.Exercise11" name="visblealert" time="0.097"/>
</testsuite> <!-- excercise.Exercise11 -->
