<?xml version="1.0" encoding="UTF-8"?>
<!-- Generated by org.testng.reporters.JUnitReportReporter -->
<testsuite hostname="DESKTOP-LJVAR0I" failures="0" tests="4" name="excercise.Exercise25" time="3.280" errors="0" timestamp="2025-12-02T14:07:40 GMT" skipped="0">
  <testcase classname="excercise.Exercise25" name="scrollPage" time="0.068"/>
  <testcase classname="excercise.Exercise25" name="verifySubsription" time="0.151"/>
  <testcase classname="excercise.Exercise25" name="clickArrow" time="1.316"/>
  <testcase classname="excercise.Exercise25" name="verifyText" time="1.745"/>
</testsuite> <!-- excercise.Exercise25 -->
