<?xml version="1.0" encoding="UTF-8"?>
<!-- Generated by org.testng.reporters.JUnitReportReporter -->
<testsuite hostname="DESKTOP-LJVAR0I" failures="0" tests="10" name="excercise.Exercise16" time="39.024" errors="0" timestamp="2025-12-06T13:38:35 GMT" skipped="0">
  <testcase classname="excercise.Exercise16" name="clickOnRegister" time="2.923"/>
  <testcase classname="excercise.Exercise16" name="enterLoginData" time="1.784"/>
  <testcase classname="excercise.Exercise16" name="testClickLogin" time="7.302"/>
  <testcase classname="excercise.Exercise16" name="verifyLoinText" time="0.237"/>
  <testcase classname="excercise.Exercise16" name="hoverOnFirst" time="3.778"/>
  <testcase classname="excercise.Exercise16" name="clickContinueShopping" time="1.023"/>
  <testcase classname="excercise.Exercise16" name="clickOnCart" time="1.884"/>
  <testcase classname="excercise.Exercise16" name="verifyCartPage" time="0.034"/>
  <testcase classname="excercise.Exercise16" name="clickProceedToCheckout" time="7.924"/>
  <testcase classname="excercise.Exercise16" name="placeorder" time="12.135"/>
</testsuite> <!-- excercise.Exercise16 -->
