<?xml version="1.0" encoding="UTF-8"?>
<!-- Generated by org.testng.reporters.JUnitReportReporter -->
<testsuite hostname="DESKTOP-LJVAR0I" failures="0" tests="6" name="excercise.Exercise13" time="12.865" errors="0" timestamp="2025-11-30T16:45:24 GMT" skipped="0">
  <testcase classname="excercise.Exercise13" name="clickViewProduct" time="7.654"/>
  <testcase classname="excercise.Exercise13" name="verifyViewProductUrl" time="0.030"/>
  <testcase classname="excercise.Exercise13" name="increaseQuantity" time="0.388"/>
  <testcase classname="excercise.Exercise13" name="clickAddToCart" time="0.516"/>
  <testcase classname="excercise.Exercise13" name="clickViewCart" time="4.141"/>
  <testcase classname="excercise.Exercise13" name="verifyProductQunatity" time="0.136"/>
</testsuite> <!-- excercise.Exercise13 -->
