<?xml version="1.0" encoding="UTF-8"?>
<!-- Generated by org.testng.reporters.JUnitReportReporter -->
<testsuite hostname="DESKTOP-LJVAR0I" failures="0" tests="5" name="excercise.Exercise19" time="13.330" errors="0" timestamp="2025-12-01T14:04:00 GMT" skipped="0">
  <testcase classname="excercise.Exercise19" name="clickProduct" time="9.110"/>
  <testcase classname="excercise.Exercise19" name="verifyBrandDisplay" time="0.105"/>
  <testcase classname="excercise.Exercise19" name="clickOnBrand" time="3.363"/>
  <testcase classname="excercise.Exercise19" name="verifybrandDisplay" time="0.087"/>
  <testcase classname="excercise.Exercise19" name="clickOnAnotherBrand" time="0.665"/>
</testsuite> <!-- excercise.Exercise19 -->
