<?xml version="1.0" encoding="UTF-8"?>
<!-- Generated by org.testng.reporters.JUnitReportReporter -->
<testsuite hostname="DESKTOP-LJVAR0I" failures="0" tests="7" name="excercise.Exercise4" time="8.224" errors="0" timestamp="2025-12-06T12:47:54 GMT" skipped="0">
  <testcase classname="excercise.Exercise4" name="testClikLogin" time="2.330"/>
  <testcase classname="excercise.Exercise4" name="verifyLoginPage" time="0.084"/>
  <testcase classname="excercise.Exercise4" name="enterLoginData" time="0.626"/>
  <testcase classname="excercise.Exercise4" name="testClickLogin" time="3.064"/>
  <testcase classname="excercise.Exercise4" name="verifyLoinText" time="0.060"/>
  <testcase classname="excercise.Exercise4" name="clickLogout" time="2.016"/>
  <testcase classname="excercise.Exercise4" name="testLoginPage" time="0.044"/>
</testsuite> <!-- excercise.Exercise4 -->
