<?xml version="1.0" encoding="UTF-8"?>
<!-- Generated by org.testng.reporters.JUnitReportReporter -->
<testsuite hostname="DESKTOP-LJVAR0I" failures="0" tests="7" name="excercise.Exercise21" time="8.625" errors="0" timestamp="2025-12-02T12:28:09 GMT" skipped="0">
  <testcase classname="excercise.Exercise21" name="clickProduct" time="4.772"/>
  <testcase classname="excercise.Exercise21" name="verifyProductPage" time="0.018"/>
  <testcase classname="excercise.Exercise21" name="clickOnViewProduct" time="2.523"/>
  <testcase classname="excercise.Exercise21" name="verifyText" time="0.072"/>
  <testcase classname="excercise.Exercise21" name="enterReview" time="0.982"/>
  <testcase classname="excercise.Exercise21" name="clickOnSubmit" time="0.182"/>
  <testcase classname="excercise.Exercise21" name="checkSuccessMsg" time="0.076"/>
</testsuite> <!-- excercise.Exercise21 -->
