<?xml version="1.0" encoding="UTF-8"?>
<!-- Generated by org.testng.reporters.JUnitReportReporter -->
<testsuite hostname="DESKTOP-LJVAR0I" failures="0" tests="6" name="excercise.Excercise5" time="4.450" errors="0" timestamp="2025-10-24T13:59:13 BST" skipped="0">
  <testcase classname="excercise.Excercise5" name="testHomePage" time="0.048"/>
  <testcase classname="excercise.Excercise5" name="testClikLogin" time="2.105"/>
  <testcase classname="excercise.Excercise5" name="testSignUpDisplay" time="0.118"/>
  <testcase classname="excercise.Excercise5" name="enterData" time="0.610"/>
  <testcase classname="excercise.Excercise5" name="clickSignupBtn" time="1.472"/>
  <testcase classname="excercise.Excercise5" name="verifyText" time="0.097"/>
</testsuite> <!-- excercise.Excercise5 -->
