<?xml version="1.0" encoding="UTF-8"?>
<!-- Generated by org.testng.reporters.JUnitReportReporter -->
<testsuite hostname="DESKTOP-LJVAR0I" failures="0" tests="6" name="excercise.Exercise17" time="19.342" errors="0" timestamp="2025-12-01T13:27:16 GMT" skipped="0">
  <testcase classname="excercise.Exercise17" name="hoverOnFirst" time="0.705"/>
  <testcase classname="excercise.Exercise17" name="clickContinueShopping" time="1.044"/>
  <testcase classname="excercise.Exercise17" name="clickOnCart" time="6.250"/>
  <testcase classname="excercise.Exercise17" name="verifyCartPage" time="0.024"/>
  <testcase classname="excercise.Exercise17" name="removeProduct" time="0.224"/>
  <testcase classname="excercise.Exercise17" name="verifyProduct" time="11.095"/>
</testsuite> <!-- excercise.Exercise17 -->
